Find new block... 
Find new block... 
Find new block... 
Find new block... 
Find new block... 
Find new block... 
Find new block... 
Find new block... 
Find new block... 
Find new block... 
Find new block... 
[36mBlock: 260560 | Find: XfgNCeTJxBVHb9CCpn52QyfjfpBmPQUYdA | Time: 1430321116 | Diff: 2778 | Price: $ [0m 
Find new block... 
Find new block... 
Find new block... 
Find new block... 
Find new block... 
Find new block... 
Find new block... 
Find new block... 
Find new block... 
Find new block... 
Find new block... 
Find new block... 
Find new block... 
Find new block... 
Find new block... 
Find new block... 
Find new block... 
Find new block... 
Find new block... 
Find new block... 
Find new block... 
[36mBlock: 260561 | Find: XxN2gt5cWqM6n1Zu2bmYrvaRmcDV1a6XKJ | Time: 1430321369 | Diff: 2570 | Price: $ [0m 
Find new block... 
Find new block... 
Find new block... 
Find new block... 
[36mBlock: 260562 | Find: XfgNCeTJxBVHb9CCpn52QyfjfpBmPQUYdA | Time: 1430321371 | Diff: 2931 | Price: $ [0m 
Find new block... 
Find new block... 
Find new block... 
Find new block... 
Find new block... 
Find new block... 
Find new block... 
Find new block... 
Find new block... 
Find new block... 
Find new block... 
Find new block... 
Find new block... 
Find new block... 
Find new block... 
Find new block... 
Find new block... 
Find new block... 
Find new block... 
Find new block... 
Find new block... 
Find new block... 
Find new block... 
Find new block... 
Find new block... 
Find new block... 
Find new block... 
Find new block... 
Find new block... 
Find new block... 
Find new block... 
Find new block... 
Find new block... 
Find new block... 
[36mBlock: 260563 | Find: XfgNCeTJxBVHb9CCpn52QyfjfpBmPQUYdA | Time: 1430321733 | Diff: 3317 | Price: $ [0m 
Find new block... 
Find new block... 
Find new block... 
Find new block... 
Find new block... 
[36mBlock: 260564 | Find: XfgNCeTJxBVHb9CCpn52QyfjfpBmPQUYdA | Time: 1430321820 | Diff: 3064 | Price: $ [0m 
Find new block... 
Find new block... 
Find new block... 
Find new block... 
Find new block... 
Find new block... 
Find new block... 
Find new block... 
Find new block... 
Find new block... 
Find new block... 
Find new block... 
Find new block... 
Find new block... 
Find new block... 
Find new block... 
Find new block... 
Find new block... 
Find new block... 
Find new block... 
Find new block... 
Find new block... 
Find new block... 
Find new block... 
Find new block... 
Find new block... 
Find new block... 
Find new block... 
Find new block... 
[36mBlock: 260565 | Find: Xemt2zeYELCkddJHvsW4x9ytqTEnkiviaH | Time: 1430322104 | Diff: 3101 | Price: $ [0m 
Find new block... 
Find new block... 
Find new block... 
Find new block... 
Find new block... 
Find new block... 
Find new block... 
Find new block... 
Find new block... 
Find new block... 
Find new block... 
Find new block... 
Find new block... 
Find new block... 
Find new block... 
Find new block... 
[36mBlock: 260566 | Find: XxN2gt5cWqM6n1Zu2bmYrvaRmcDV1a6XKJ | Time: 1430322300 | Diff: 2861 | Price: $ [0m 
Find new block... 
Find new block... 
Find new block... 
Find new block... 
Find new block... 
Find new block... 
Find new block... 
Find new block... 
Find new block... 
Find new block... 
Find new block... 
[36mBlock: 260567 | Find: Xemt2zeYELCkddJHvsW4x9ytqTEnkiviaH | Time: 1430322412 | Diff: 2803 | Price: $ [0m 
Find new block... 
Find new block... 
Find new block... 
Find new block... 
Find new block... 
Find new block... 
Find new block... 
Find new block... 
Find new block... 
Find new block... 
Find new block... 
Find new block... 
Find new block... 
Find new block... 
Find new block... 
Find new block... 
Find new block... 
Find new block... 
Find new block... 
Find new block... 
Find new block... 
Find new block... 
Find new block... 
Find new block... 
Find new block... 
Find new block... 
Find new block... 
Find new block... 
Find new block... 
Find new block... 
Find new block... 
Find new block... 
Find new block... 
Find new block... 
Find new block... 
Find new block... 
[36mBlock: 260568 | Find: Xemt2zeYELCkddJHvsW4x9ytqTEnkiviaH | Time: 1430322753 | Diff: 2792 | Price: $ [0m 
Find new block... 
Find new block... 
Find new block... 
[36mBlock: 260569 | Find: XjCcKyUBBz81zsgih8n2yWBKdkBXgw2jer | Time: 1430322800 | Diff: 2573 | Price: $ [0m 
Find new block... 
Find new block... 
Find new block... 
Find new block... 
Find new block... 
[36mBlock: 260570 | Find: XiXFua1JDWFsbfEg736a2AMdWuaSkzwoYn | Time: 1430322836 | Diff: 2580 | Price: $ [0m 
Find new block... 
Find new block... 
Find new block... 
Find new block... 
Find new block... 
Find new block... 
[36mBlock: 260571 | Find: XxN2gt5cWqM6n1Zu2bmYrvaRmcDV1a6XKJ | Time: 1430322952 | Diff: 2591 | Price: $ [0m 
Find new block... 
Find new block... 
Find new block... 
Find new block... 
Find new block... 
[36mBlock: 260572 | Find: XfgNCeTJxBVHb9CCpn52QyfjfpBmPQUYdA | Time: 1430322974 | Diff: 2561 | Price: $ [0m 
Find new block... 
Find new block... 
Find new block... 
Find new block... 
Find new block... 
Find new block... 
Find new block... 
Find new block... 
Find new block... 
Find new block... 
[36mBlock: 260573 | Find: XrdhFkhiCSGseYW9fVmjjyhNBnHEnJXNDC | Time: 1430323137 | Diff: 2553 | Price: $ [0m 
Find new block... 
Find new block... 
Find new block... 
Find new block... 
Find new block... 
Find new block... 
Find new block... 
Find new block... 
Find new block... 
Find new block... 
Find new block... 
[36mBlock: 260574 | Find: XbLQ2WUzo1rZ2cM9gQ76GzXFb9tPRUj4qZ | Time: 1430323223 | Diff: 2908 | Price: $ [0m 
Find new block... 
Find new block... 
Find new block... 
Find new block... 
Find new block... 
Find new block... 
Find new block... 
Find new block... 
Find new block... 
Find new block... 
Find new block... 
Find new block... 
Find new block... 
Find new block... 
Find new block... 
[36mBlock: 260575 | Find: XxN2gt5cWqM6n1Zu2bmYrvaRmcDV1a6XKJ | Time: 1430323375 | Diff: 2997 | Price: $ [0m 
Find new block... 
Find new block... 
Find new block... 
Find new block... 
Find new block... 
Find new block... 
Find new block... 
Find new block... 
Find new block... 
Find new block... 
Find new block... 
Find new block... 
Find new block... 
Find new block... 
Find new block... 
Find new block... 
Find new block... 
Find new block... 
Find new block... 
Find new block... 
Find new block... 
Find new block... 
Find new block... 
[36mBlock: 260576 | Find: XiFrhXFmYjEHPYR92SwnYDHkpgTiKadANr | Time: 1430323606 | Diff: 2910 | Price: $ [0m 
Find new block... 
Find new block... 
[36mBlock: 260577 | Find: XiFrhXFmYjEHPYR92SwnYDHkpgTiKadANr | Time: 1430323663 | Diff: 2749 | Price: $ [0m 
Find new block... 
Find new block... 
Find new block... 
[36mBlock: 260578 | Find: XxN2gt5cWqM6n1Zu2bmYrvaRmcDV1a6XKJ | Time: 1430323697 | Diff: 2755 | Price: $ [0m 
Find new block... 
Find new block... 
Find new block... 
[36mBlock: 260579 | Find: XxN2gt5cWqM6n1Zu2bmYrvaRmcDV1a6XKJ | Time: 1430323740 | Diff: 2842 | Price: $ [0m 
Find new block... 
Find new block... 
Find new block... 
Find new block... 
Find new block... 
Find new block... 
Find new block... 
Find new block... 
Find new block... 
Find new block... 
Find new block... 
Find new block... 
Find new block... 
Find new block... 
Find new block... 
Find new block... 
Find new block... 
[36mBlock: 260580 | Find: XiFrhXFmYjEHPYR92SwnYDHkpgTiKadANr | Time: 1430323904 | Diff: 3129 | Price: $ [0m 
[36mBlock: 260581 | Find: Xqi4JGoYQsKy2uyxyA3nuR1vrJi474jnJj | Time: 1430323962 | Diff: 3074 | Price: $ [0m 
Find new block... 
Find new block... 
Find new block... 
Find new block... 
Find new block... 
Find new block... 
Find new block... 
Find new block... 
Find new block... 
Find new block... 
Find new block... 
Find new block... 
Find new block... 
Find new block... 
Find new block... 
Find new block... 
Find new block... 
Find new block... 
Find new block... 
Find new block... 
Find new block... 
Find new block... 
Find new block... 
Find new block... 
Find new block... 
Find new block... 
Find new block... 
[36mBlock: 260582 | Find: Xemt2zeYELCkddJHvsW4x9ytqTEnkiviaH | Time: 1430324242 | Diff: 3141 | Price: $ [0m 
Find new block... 
Find new block... 
Find new block... 
Find new block... 
Find new block... 
Find new block... 
Find new block... 
Find new block... 
Find new block... 
Find new block... 
Find new block... 
Find new block... 
Find new block... 
Find new block... 
Find new block... 
Find new block... 
Find new block... 
Find new block... 
Find new block... 
Find new block... 
Find new block... 
Find new block... 
Find new block... 
Find new block... 
Find new block... 
Find new block... 
Find new block... 
Find new block... 
Find new block... 
Find new block... 
Find new block... 
Find new block... 
Find new block... 
Find new block... 
Find new block... 
Find new block... 
Find new block... 
Find new block... 
Find new block... 
Find new block... 
Find new block... 
Find new block... 
Find new block... 
Find new block... 
Find new block... 
Find new block... 
Find new block... 
Find new block... 
Find new block... 
Find new block... 
Find new block... 
Find new block... 
Find new block... 
[36mBlock: 260583 | Find: XxN2gt5cWqM6n1Zu2bmYrvaRmcDV1a6XKJ | Time: 1430324748 | Diff: 3010 | Price: $ [0m 
Find new block... 
Find new block... 
Find new block... 
Find new block... 
Find new block... 
Find new block... 
Find new block... 
Find new block... 
Find new block... 
Find new block... 
Find new block... 
Find new block... 
Find new block... 
Find new block... 
Find new block... 
Find new block... 
Find new block... 
Find new block... 
Find new block... 
Find new block... 
Find new block... 
Find new block... 
Find new block... 
Find new block... 
Find new block... 
Find new block... 
Find new block... 
